<?xml version="1.0" encoding="UTF-8"?>
<!-- Generated by org.testng.reporters.JUnitReportReporter -->
<testsuite hostname="Srikanth" failures="0" tests="1" name="com.inet.TestCases.Login_TestCase001" time="33.761" errors="0" timestamp="2023-01-03T14:31:04 IST" skipped="0">
  <testcase classname="com.inet.TestCases.Login_TestCase001" name="Login_test" time="33.761"/>
  <system-out/>
</testsuite> <!-- com.inet.TestCases.Login_TestCase001 -->
